[main 8765c96] Auto commit: 2024-11-08 14:05:02
 2 files changed, 1 insertion(+), 1 deletion(-)
 create mode 100644 .config/yadm/autoshdpad.log
[main 436d911] Auto commit: 2024-11-08 14:10:01
 1 file changed, 3 insertions(+)
[main ed4869f] Auto commit: 2024-11-08 14:15:02
 1 file changed, 2 insertions(+)
[main 50bec13] Auto commit: 2024-11-08 14:20:02
 1 file changed, 2 insertions(+)
[main d9f0f46] Auto commit: 2024-11-08 14:25:02
 1 file changed, 2 insertions(+)
[main f984a12] Auto commit: 2024-11-08 14:30:02
 1 file changed, 2 insertions(+)
[main c92f706] Auto commit: 2024-11-08 14:35:02
 1 file changed, 2 insertions(+)
[main 8f279ea] Auto commit: 2024-11-08 14:40:02
 1 file changed, 2 insertions(+)
[main 9fe8ab9] Auto commit: 2024-11-08 14:45:02
 1 file changed, 2 insertions(+)
[main a06b43e] Auto commit: 2024-11-08 14:50:02
 1 file changed, 2 insertions(+)
[main 9c101dc] Auto commit: 2024-11-08 14:55:02
 1 file changed, 2 insertions(+)
[main 853f0ca] Auto commit: 2024-11-08 15:00:02
 1 file changed, 2 insertions(+)
[main 0b11da2] Auto commit: 2024-11-08 15:05:02
 1 file changed, 2 insertions(+)
[main cebcdc9] Auto commit: 2024-11-08 15:10:02
 1 file changed, 2 insertions(+)
[main 56c5aa8] Auto commit: 2024-11-08 15:15:02
 1 file changed, 2 insertions(+)
[main 765eb79] Auto commit: 2024-11-08 15:20:02
 1 file changed, 2 insertions(+)
[main 5a2a7fd] Auto commit: 2024-11-08 15:25:02
 1 file changed, 2 insertions(+)
[main 9765088] Auto commit: 2024-11-08 15:30:02
 1 file changed, 2 insertions(+)
[main 14b4c72] Auto commit: 2024-11-08 15:45:04
 1 file changed, 2 insertions(+)
[main 2428f22] Auto commit: 2024-11-08 15:50:03
 1 file changed, 2 insertions(+)
[main c9063ed] Auto commit: 2024-11-08 15:55:03
 1 file changed, 2 insertions(+)
[main 3bf3439] Auto commit: 2024-11-08 16:00:03
 1 file changed, 2 insertions(+)
[main 61a3689] Auto commit: 2024-11-08 16:05:02
 1 file changed, 2 insertions(+)
[main 7c1723e] Auto commit: 2024-11-08 16:10:03
 1 file changed, 2 insertions(+)
[main d956930] Auto commit: 2024-11-08 16:15:03
 1 file changed, 2 insertions(+)
[main 13fc5c6] Auto commit: 2024-11-08 16:20:03
 1 file changed, 2 insertions(+)
[main 22a273f] Auto commit: 2024-11-08 16:25:03
 1 file changed, 2 insertions(+)
[main be78ca3] Auto commit: 2024-11-08 16:30:03
 1 file changed, 2 insertions(+)
[main 19f6e85] Auto commit: 2024-11-08 16:35:03
 1 file changed, 2 insertions(+)
[main dc933eb] Auto commit: 2024-11-08 16:40:03
 1 file changed, 2 insertions(+)
[main d79db01] Auto commit: 2024-11-08 16:45:03
 1 file changed, 2 insertions(+)
[main 7ef30dc] Auto commit: 2024-11-08 16:50:02
 1 file changed, 2 insertions(+)
[main 2a17ffb] Auto commit: 2024-11-08 16:55:03
 1 file changed, 2 insertions(+)
[main b4fa06b] Auto commit: 2024-11-08 17:00:03
 1 file changed, 2 insertions(+)
[main d4ba063] Auto commit: 2024-11-08 17:05:03
 1 file changed, 2 insertions(+)
[main 02cddac] Auto commit: 2024-11-08 17:10:03
 1 file changed, 2 insertions(+)
[main 29aabaa] Auto commit: 2024-11-08 17:30:03
 1 file changed, 2 insertions(+)
[main eeb8a0c] Auto commit: 2024-11-08 17:35:03
 2 files changed, 3 insertions(+), 1 deletion(-)
[main f7c230a] Auto commit: 2024-11-08 17:40:03
 1 file changed, 2 insertions(+)
[main 9b9efe0] Auto commit: 2024-11-08 17:45:03
 1 file changed, 2 insertions(+)
[main 57b1e7c] Auto commit: 2024-11-08 17:50:03
 1 file changed, 2 insertions(+)
[main f299169] Auto commit: 2024-11-08 17:55:03
 1 file changed, 2 insertions(+)
[main 29487b4] Auto commit: 2024-11-08 18:00:03
 1 file changed, 2 insertions(+)
[main deae75f] Auto commit: 2024-11-08 18:05:02
 1 file changed, 2 insertions(+)
[main f90dc52] Auto commit: 2024-11-08 18:25:02
 1 file changed, 2 insertions(+)
[main 39f6a5f] Auto commit: 2024-11-08 18:30:02
 1 file changed, 2 insertions(+)
[main d27ba9c] Auto commit: 2024-11-08 18:35:02
 1 file changed, 2 insertions(+)
